Sat Feb 02 2019 23:26:48 GMT+0000 (UTC): GET /static/media/logo-oasis-hover.88c6573f.png
Sat Feb 02 2019 23:26:49 GMT+0000 (UTC): GET /trade/W-ETH/DAI
Sat Feb 02 2019 23:26:49 GMT+0000 (UTC): GET /static/css/main.a5702b65.css
Sat Feb 02 2019 23:26:49 GMT+0000 (UTC): GET /static/js/main.39047692.js
Sat Feb 02 2019 23:26:51 GMT+0000 (UTC): GET /static/media/ethereum-logo.5332820c.svg
Sat Feb 02 2019 23:26:51 GMT+0000 (UTC): GET /static/media/logo-oasis.276ec1d3.png
Sat Feb 02 2019 23:26:51 GMT+0000 (UTC): GET /static/media/clock.99ecb079.svg
Sat Feb 02 2019 23:26:51 GMT+0000 (UTC): GET /static/media/icon-loading.9cabb5c5.svg
Sat Feb 02 2019 23:26:51 GMT+0000 (UTC): GET /favicon.ico
Sat Feb 02 2019 23:26:53 GMT+0000 (UTC): GET /trade/W-ETH/DAI
Sat Feb 02 2019 23:26:53 GMT+0000 (UTC): GET /static/css/main.a5702b65.css
Sat Feb 02 2019 23:26:53 GMT+0000 (UTC): GET /static/js/main.39047692.js
Sat Feb 02 2019 23:26:54 GMT+0000 (UTC): GET /static/media/logo-oasis.276ec1d3.png
Sat Feb 02 2019 23:26:54 GMT+0000 (UTC): GET /static/media/clock.99ecb079.svg
Sat Feb 02 2019 23:26:54 GMT+0000 (UTC): GET /static/media/icon-loading.9cabb5c5.svg
Sat Feb 02 2019 23:26:54 GMT+0000 (UTC): GET /favicon.ico
Sat Feb 02 2019 23:26:55 GMT+0000 (UTC): GET /static/media/ethereum-logo.5332820c.svg
Sat Feb 02 2019 23:26:55 GMT+0000 (UTC): GET /static/media/metamask-logo.526a99a0.svg
Sat Feb 02 2019 23:26:55 GMT+0000 (UTC): GET /static/media/mist-logo.ab638bd3.svg
Sat Feb 02 2019 23:26:55 GMT+0000 (UTC): GET /static/media/coinbase-icon-512px.ef2c0d4b.png
Sat Feb 02 2019 23:26:55 GMT+0000 (UTC): GET /static/media/metamask-logo.526a99a0.svg
Sat Feb 02 2019 23:26:58 GMT+0000 (UTC): GET /trade/W-ETH/DAI
Sat Feb 02 2019 23:26:58 GMT+0000 (UTC): GET /static/css/main.a5702b65.css
Sat Feb 02 2019 23:26:58 GMT+0000 (UTC): GET /static/js/main.39047692.js
Sat Feb 02 2019 23:26:58 GMT+0000 (UTC): GET /static/media/ethereum-logo.5332820c.svg
Sat Feb 02 2019 23:26:59 GMT+0000 (UTC): GET /favicon.ico
Sat Feb 02 2019 23:26:59 GMT+0000 (UTC): GET /static/media/icon-loading.9cabb5c5.svg
Sat Feb 02 2019 23:26:59 GMT+0000 (UTC): GET /static/media/logo-oasis.276ec1d3.png
Sat Feb 02 2019 23:26:59 GMT+0000 (UTC): GET /static/media/clock.99ecb079.svg
Sat Feb 02 2019 23:26:59 GMT+0000 (UTC): GET /static/media/logo-oasis-hover.88c6573f.png
Sat Feb 02 2019 23:27:35 GMT+0000 (UTC): GET /trade/W-ETH/DAI
Sat Feb 02 2019 23:27:35 GMT+0000 (UTC): GET /static/css/main.a5702b65.css
Sat Feb 02 2019 23:27:35 GMT+0000 (UTC): GET /static/js/main.39047692.js
Sat Feb 02 2019 23:27:35 GMT+0000 (UTC): GET /static/media/ethereum-logo.5332820c.svg
Sat Feb 02 2019 23:27:35 GMT+0000 (UTC): GET /static/media/logo-oasis.276ec1d3.png
Sat Feb 02 2019 23:27:35 GMT+0000 (UTC): GET /static/media/clock.99ecb079.svg
Sat Feb 02 2019 23:27:35 GMT+0000 (UTC): GET /static/media/icon-loading.9cabb5c5.svg
Sat Feb 02 2019 23:27:35 GMT+0000 (UTC): GET /favicon.ico
Sat Feb 02 2019 23:27:41 GMT+0000 (UTC): GET /trade/W-ETH/DAI
Sat Feb 02 2019 23:27:41 GMT+0000 (UTC): GET /static/css/main.a5702b65.css
Sat Feb 02 2019 23:27:41 GMT+0000 (UTC): GET /static/js/main.39047692.js
Sat Feb 02 2019 23:27:41 GMT+0000 (UTC): GET /static/media/logo-oasis.276ec1d3.png
Sat Feb 02 2019 23:27:41 GMT+0000 (UTC): GET /static/media/clock.99ecb079.svg
Sat Feb 02 2019 23:27:41 GMT+0000 (UTC): GET /static/media/icon-loading.9cabb5c5.svg
Sat Feb 02 2019 23:27:41 GMT+0000 (UTC): GET /favicon.ico
Sat Feb 02 2019 23:27:42 GMT+0000 (UTC): GET /static/media/ethereum-logo.5332820c.svg
Sat Feb 02 2019 23:27:42 GMT+0000 (UTC): GET /static/media/metamask-logo.526a99a0.svg
Sat Feb 02 2019 23:27:42 GMT+0000 (UTC): GET /static/media/mist-logo.ab638bd3.svg
Sat Feb 02 2019 23:27:42 GMT+0000 (UTC): GET /static/media/coinbase-icon-512px.ef2c0d4b.png
Sat Feb 02 2019 23:27:45 GMT+0000 (UTC): GET /static/css/main.a5702b65.css
Sat Feb 02 2019 23:27:45 GMT+0000 (UTC): GET /static/js/main.39047692.js.map
Sat Feb 02 2019 23:27:46 GMT+0000 (UTC): GET /static/css/main.a5702b65.css.map
Sat Feb 02 2019 23:27:50 GMT+0000 (UTC): GET /trade/W-ETH/DAI
Sat Feb 02 2019 23:27:50 GMT+0000 (UTC): GET /static/css/main.a5702b65.css
Sat Feb 02 2019 23:27:50 GMT+0000 (UTC): GET /static/js/main.39047692.js
Sat Feb 02 2019 23:27:50 GMT+0000 (UTC): GET /static/css/main.a5702b65.css.map
Sat Feb 02 2019 23:27:52 GMT+0000 (UTC): GET /static/js/main.39047692.js.map
Sat Feb 02 2019 23:27:52 GMT+0000 (UTC): GET /static/media/ethereum-logo.5332820c.svg
Sat Feb 02 2019 23:27:52 GMT+0000 (UTC): GET /static/media/logo-oasis.276ec1d3.png
Sat Feb 02 2019 23:27:52 GMT+0000 (UTC): GET /static/media/clock.99ecb079.svg
Sat Feb 02 2019 23:27:52 GMT+0000 (UTC): GET /static/media/icon-loading.9cabb5c5.svg
Sat Feb 02 2019 23:27:53 GMT+0000 (UTC): GET /favicon.ico
Sat Feb 02 2019 23:28:11 GMT+0000 (UTC): GET /trade/W-ETH/DAI
Sat Feb 02 2019 23:28:13 GMT+0000 (UTC): GET /static/css/main.a5702b65.css
Sat Feb 02 2019 23:28:13 GMT+0000 (UTC): GET /static/js/main.39047692.js
Sat Feb 02 2019 23:28:13 GMT+0000 (UTC): GET /static/media/ethereum-logo.5332820c.svg
Sat Feb 02 2019 23:28:13 GMT+0000 (UTC): GET /favicon.ico
Sat Feb 02 2019 23:28:13 GMT+0000 (UTC): GET /static/media/logo-oasis.276ec1d3.png
Sat Feb 02 2019 23:28:13 GMT+0000 (UTC): GET /static/media/clock.99ecb079.svg
Sat Feb 02 2019 23:28:13 GMT+0000 (UTC): GET /static/media/icon-loading.9cabb5c5.svg
Sat Feb 02 2019 23:28:47 GMT+0000 (UTC): GET /trade/W-ETH/DAI
Sat Feb 02 2019 23:28:47 GMT+0000 (UTC): GET /static/js/main.39047692.js
Sat Feb 02 2019 23:28:47 GMT+0000 (UTC): GET /static/css/main.a5702b65.css
Sat Feb 02 2019 23:28:48 GMT+0000 (UTC): GET /favicon.ico
Sat Feb 02 2019 23:33:48 GMT+0000 (UTC): GET /trade/W-ETH/DAI
Sat Feb 02 2019 23:33:49 GMT+0000 (UTC): GET /static/css/main.a5702b65.css
Sat Feb 02 2019 23:33:49 GMT+0000 (UTC): GET /static/js/main.46c69c40.js
Sat Feb 02 2019 23:33:50 GMT+0000 (UTC): GET /static/media/ethereum-logo.5332820c.svg
Sat Feb 02 2019 23:33:50 GMT+0000 (UTC): GET /static/media/icon-loading.9cabb5c5.svg
Sat Feb 02 2019 23:33:50 GMT+0000 (UTC): GET /static/media/logo-oasis.276ec1d3.png
Sat Feb 02 2019 23:33:50 GMT+0000 (UTC): GET /static/media/clock.99ecb079.svg
Sat Feb 02 2019 23:33:50 GMT+0000 (UTC): GET /favicon.ico
Sat Feb 02 2019 23:33:51 GMT+0000 (UTC): GET /
Sat Feb 02 2019 23:33:51 GMT+0000 (UTC): GET /static/css/main.a5702b65.css
Sat Feb 02 2019 23:33:51 GMT+0000 (UTC): GET /static/js/main.46c69c40.js
Sat Feb 02 2019 23:33:51 GMT+0000 (UTC): GET /static/media/ethereum-logo.5332820c.svg
Sat Feb 02 2019 23:33:51 GMT+0000 (UTC): GET /favicon.ico
Sat Feb 02 2019 23:33:51 GMT+0000 (UTC): GET /static/media/icon-loading.9cabb5c5.svg
Sat Feb 02 2019 23:33:51 GMT+0000 (UTC): GET /static/media/logo-oasis.276ec1d3.png
Sat Feb 02 2019 23:33:51 GMT+0000 (UTC): GET /static/media/clock.99ecb079.svg
Sat Feb 02 2019 23:33:51 GMT+0000 (UTC): GET /favicon.ico
Sat Feb 02 2019 23:34:25 GMT+0000 (UTC): GET /
Sat Feb 02 2019 23:34:25 GMT+0000 (UTC): GET /
Sat Feb 02 2019 23:34:28 GMT+0000 (UTC): GET /
Sat Feb 02 2019 23:34:59 GMT+0000 (UTC): GET /
Sat Feb 02 2019 23:34:59 GMT+0000 (UTC): GET /
Sat Feb 02 2019 23:35:16 GMT+0000 (UTC): GET /
Sat Feb 02 2019 23:35:16 GMT+0000 (UTC): GET /
Sat Feb 02 2019 23:35:24 GMT+0000 (UTC): GET /
Sat Feb 02 2019 23:35:28 GMT+0000 (UTC): GET /
Sat Feb 02 2019 23:35:28 GMT+0000 (UTC): GET /
Sat Feb 02 2019 23:35:28 GMT+0000 (UTC): GET /
Sat Feb 02 2019 23:35:32 GMT+0000 (UTC): GET /
Sat Feb 02 2019 23:35:34 GMT+0000 (UTC): GET /
Sat Feb 02 2019 23:35:34 GMT+0000 (UTC): GET /
Sat Feb 02 2019 23:35:34 GMT+0000 (UTC): GET /
Sat Feb 02 2019 23:35:39 GMT+0000 (UTC): GET /
Sat Feb 02 2019 23:35:43 GMT+0000 (UTC): GET /
Sat Feb 02 2019 23:35:43 GMT+0000 (UTC): GET /
Sat Feb 02 2019 23:35:46 GMT+0000 (UTC): GET /robots.txt
Sat Feb 02 2019 23:35:46 GMT+0000 (UTC): GET /
Sat Feb 02 2019 23:35:59 GMT+0000 (UTC): GET /
Sat Feb 02 2019 23:36:00 GMT+0000 (UTC): GET /
Sat Feb 02 2019 23:36:18 GMT+0000 (UTC): GET /favicon.ico
Sat Feb 02 2019 23:36:24 GMT+0000 (UTC): GET /trade/W-GNT/W-ETH
Sat Feb 02 2019 23:36:24 GMT+0000 (UTC): GET /static/css/main.a5702b65.css
Sat Feb 02 2019 23:36:25 GMT+0000 (UTC): GET /static/js/main.46c69c40.js
Sat Feb 02 2019 23:36:25 GMT+0000 (UTC): GET /static/media/ethereum-logo.5332820c.svg
Sat Feb 02 2019 23:36:25 GMT+0000 (UTC): GET /static/media/icon-loading.9cabb5c5.svg
Sat Feb 02 2019 23:36:25 GMT+0000 (UTC): GET /static/media/logo-oasis.276ec1d3.png
Sat Feb 02 2019 23:36:25 GMT+0000 (UTC): GET /static/media/clock.99ecb079.svg
Sat Feb 02 2019 23:36:25 GMT+0000 (UTC): GET /favicon.ico
Sat Feb 02 2019 23:38:06 GMT+0000 (UTC): GET /
Sat Feb 02 2019 23:38:06 GMT+0000 (UTC): GET /static/css/main.a5702b65.css
Sat Feb 02 2019 23:38:06 GMT+0000 (UTC): GET /static/js/main.46c69c40.js
Sat Feb 02 2019 23:38:08 GMT+0000 (UTC): GET /favicon.ico
Sat Feb 02 2019 23:38:14 GMT+0000 (UTC): GET /
Sat Feb 02 2019 23:38:14 GMT+0000 (UTC): GET /static/css/main.a5702b65.css
Sat Feb 02 2019 23:38:14 GMT+0000 (UTC): GET /static/js/main.46c69c40.js
Sat Feb 02 2019 23:38:16 GMT+0000 (UTC): GET /favicon.ico
Sat Feb 02 2019 23:38:21 GMT+0000 (UTC): GET /favicon.ico
Sat Feb 02 2019 23:38:39 GMT+0000 (UTC): GET /
Sat Feb 02 2019 23:38:39 GMT+0000 (UTC): GET /static/css/main.a5702b65.css
Sat Feb 02 2019 23:38:39 GMT+0000 (UTC): GET /static/js/main.46c69c40.js
Sat Feb 02 2019 23:38:40 GMT+0000 (UTC): GET /favicon.ico
Sat Feb 02 2019 23:38:43 GMT+0000 (UTC): GET /favicon.ico
Sat Feb 02 2019 23:38:46 GMT+0000 (UTC): GET /
Sat Feb 02 2019 23:38:46 GMT+0000 (UTC): GET /static/css/main.a5702b65.css
Sat Feb 02 2019 23:38:46 GMT+0000 (UTC): GET /static/js/main.46c69c40.js
Sat Feb 02 2019 23:38:46 GMT+0000 (UTC): GET /static/media/clock.99ecb079.svg
Sat Feb 02 2019 23:38:46 GMT+0000 (UTC): GET /static/media/logo-oasis.276ec1d3.png
Sat Feb 02 2019 23:38:47 GMT+0000 (UTC): GET /static/media/icon-loading.9cabb5c5.svg
Sat Feb 02 2019 23:38:47 GMT+0000 (UTC): GET /static/media/ethereum-logo.5332820c.svg
Sat Feb 02 2019 23:38:48 GMT+0000 (UTC): GET /static/media/metamask-logo.526a99a0.svg
Sat Feb 02 2019 23:38:49 GMT+0000 (UTC): GET /static/media/mist-logo.ab638bd3.svg
Sat Feb 02 2019 23:38:49 GMT+0000 (UTC): GET /static/media/coinbase-icon-512px.ef2c0d4b.png
Sat Feb 02 2019 23:39:20 GMT+0000 (UTC): GET /
Sat Feb 02 2019 23:39:20 GMT+0000 (UTC): GET /static/css/main.a5702b65.css
Sat Feb 02 2019 23:39:21 GMT+0000 (UTC): GET /static/js/main.46c69c40.js
Sat Feb 02 2019 23:39:22 GMT+0000 (UTC): GET /favicon.ico
Sat Feb 02 2019 23:39:28 GMT+0000 (UTC): GET /
Sat Feb 02 2019 23:39:28 GMT+0000 (UTC): GET /static/css/main.a5702b65.css
Sat Feb 02 2019 23:39:28 GMT+0000 (UTC): GET /static/js/main.46c69c40.js
Sat Feb 02 2019 23:39:28 GMT+0000 (UTC): GET /static/css/main.a5702b65.css
Sat Feb 02 2019 23:39:28 GMT+0000 (UTC): GET /favicon.ico
Sat Feb 02 2019 23:39:28 GMT+0000 (UTC): GET /static/js/main.46c69c40.js
Sat Feb 02 2019 23:39:28 GMT+0000 (UTC): GET /static/media/icon-loading.9cabb5c5.svg
Sat Feb 02 2019 23:39:28 GMT+0000 (UTC): GET /static/media/clock.99ecb079.svg
Sat Feb 02 2019 23:39:28 GMT+0000 (UTC): GET /static/media/logo-oasis.276ec1d3.png
Sat Feb 02 2019 23:39:29 GMT+0000 (UTC): GET /favicon.ico
Sat Feb 02 2019 23:39:29 GMT+0000 (UTC): GET /static/media/mist-logo.ab638bd3.svg
Sat Feb 02 2019 23:39:29 GMT+0000 (UTC): GET /static/media/metamask-logo.526a99a0.svg
Sat Feb 02 2019 23:39:29 GMT+0000 (UTC): GET /static/media/ethereum-logo.5332820c.svg
Sat Feb 02 2019 23:39:29 GMT+0000 (UTC): GET /static/media/coinbase-icon-512px.ef2c0d4b.png
Sat Feb 02 2019 23:40:17 GMT+0000 (UTC): GET /
Sat Feb 02 2019 23:40:36 GMT+0000 (UTC): GET /
Sat Feb 02 2019 23:40:36 GMT+0000 (UTC): GET /static/css/main.a5702b65.css
Sat Feb 02 2019 23:40:36 GMT+0000 (UTC): GET /static/js/main.46c69c40.js
Sat Feb 02 2019 23:40:37 GMT+0000 (UTC): GET /favicon.ico
Sat Feb 02 2019 23:42:21 GMT+0000 (UTC): HEAD /
Sat Feb 02 2019 23:46:00 GMT+0000 (UTC): GET /
Sat Feb 02 2019 23:46:00 GMT+0000 (UTC): GET /static/css/main.a5702b65.css
Sat Feb 02 2019 23:46:00 GMT+0000 (UTC): GET /static/js/main.46c69c40.js
Sat Feb 02 2019 23:46:02 GMT+0000 (UTC): GET /favicon.ico
Sat Feb 02 2019 23:46:04 GMT+0000 (UTC): GET /
Sat Feb 02 2019 23:46:04 GMT+0000 (UTC): GET /static/css/main.a5702b65.css
Sat Feb 02 2019 23:46:04 GMT+0000 (UTC): GET /static/js/main.46c69c40.js
Sat Feb 02 2019 23:46:04 GMT+0000 (UTC): GET /static/media/logo-oasis.276ec1d3.png
Sat Feb 02 2019 23:46:04 GMT+0000 (UTC): GET /static/media/clock.99ecb079.svg
Sat Feb 02 2019 23:46:04 GMT+0000 (UTC): GET /static/media/icon-loading.9cabb5c5.svg
Sat Feb 02 2019 23:46:05 GMT+0000 (UTC): GET /favicon.ico
Sat Feb 02 2019 23:46:05 GMT+0000 (UTC): GET /static/media/ethereum-logo.5332820c.svg
Sat Feb 02 2019 23:46:05 GMT+0000 (UTC): GET /static/media/metamask-logo.526a99a0.svg
Sat Feb 02 2019 23:46:05 GMT+0000 (UTC): GET /static/media/mist-logo.ab638bd3.svg
Sat Feb 02 2019 23:46:05 GMT+0000 (UTC): GET /static/media/coinbase-icon-512px.ef2c0d4b.png
Sat Feb 02 2019 23:46:40 GMT+0000 (UTC): GET /
Sat Feb 02 2019 23:47:13 GMT+0000 (UTC): GET /
Sat Feb 02 2019 23:47:13 GMT+0000 (UTC): GET /static/js/main.46c69c40.js
Sat Feb 02 2019 23:47:13 GMT+0000 (UTC): GET /static/css/main.a5702b65.css
Sat Feb 02 2019 23:47:14 GMT+0000 (UTC): GET /favicon.ico
Sat Feb 02 2019 23:47:19 GMT+0000 (UTC): GET /
Sat Feb 02 2019 23:47:19 GMT+0000 (UTC): GET /static/js/main.46c69c40.js
Sat Feb 02 2019 23:47:19 GMT+0000 (UTC): GET /static/css/main.a5702b65.css
Sat Feb 02 2019 23:47:20 GMT+0000 (UTC): GET /static/media/logo-oasis.276ec1d3.png
Sat Feb 02 2019 23:47:20 GMT+0000 (UTC): GET /static/media/clock.99ecb079.svg
Sat Feb 02 2019 23:47:20 GMT+0000 (UTC): GET /static/media/icon-loading.9cabb5c5.svg
Sat Feb 02 2019 23:47:20 GMT+0000 (UTC): GET /favicon.ico
Sat Feb 02 2019 23:47:21 GMT+0000 (UTC): GET /static/media/ethereum-logo.5332820c.svg
Sat Feb 02 2019 23:47:21 GMT+0000 (UTC): GET /static/media/metamask-logo.526a99a0.svg
Sat Feb 02 2019 23:47:21 GMT+0000 (UTC): GET /static/media/mist-logo.ab638bd3.svg
Sat Feb 02 2019 23:47:21 GMT+0000 (UTC): GET /static/media/coinbase-icon-512px.ef2c0d4b.png
Sat Feb 02 2019 23:48:10 GMT+0000 (UTC): GET /
Sat Feb 02 2019 23:48:10 GMT+0000 (UTC): GET /static/css/main.a5702b65.css
Sat Feb 02 2019 23:48:10 GMT+0000 (UTC): GET /static/js/main.46c69c40.js
Sat Feb 02 2019 23:48:11 GMT+0000 (UTC): GET /favicon.ico
Sat Feb 02 2019 23:48:16 GMT+0000 (UTC): GET /
Sat Feb 02 2019 23:48:16 GMT+0000 (UTC): GET /static/css/main.a5702b65.css
Sat Feb 02 2019 23:48:16 GMT+0000 (UTC): GET /static/js/main.46c69c40.js
Sat Feb 02 2019 23:48:16 GMT+0000 (UTC): GET /static/media/ethereum-logo.5332820c.svg
Sat Feb 02 2019 23:48:16 GMT+0000 (UTC): GET /favicon.ico
Sat Feb 02 2019 23:48:16 GMT+0000 (UTC): GET /static/media/logo-oasis.276ec1d3.png
Sat Feb 02 2019 23:48:16 GMT+0000 (UTC): GET /static/media/clock.99ecb079.svg
Sat Feb 02 2019 23:48:16 GMT+0000 (UTC): GET /static/media/icon-loading.9cabb5c5.svg
Sat Feb 02 2019 23:48:16 GMT+0000 (UTC): GET /favicon.ico
Sat Feb 02 2019 23:48:19 GMT+0000 (UTC): GET /favicon.ico
Sat Feb 02 2019 23:48:53 GMT+0000 (UTC): GET /
Sat Feb 02 2019 23:48:53 GMT+0000 (UTC): GET /static/css/main.a5702b65.css
Sat Feb 02 2019 23:48:53 GMT+0000 (UTC): GET /static/js/main.46c69c40.js
Sat Feb 02 2019 23:49:42 GMT+0000 (UTC): GET /
Sat Feb 02 2019 23:49:42 GMT+0000 (UTC): GET /static/css/main.a5702b65.css
Sat Feb 02 2019 23:49:42 GMT+0000 (UTC): GET /static/js/main.46c69c40.js
Sat Feb 02 2019 23:49:43 GMT+0000 (UTC): GET /favicon.ico
Sat Feb 02 2019 23:51:06 GMT+0000 (UTC): GET /apple-touch-icon.png
Sat Feb 02 2019 23:53:06 GMT+0000 (UTC): GET /
Sat Feb 02 2019 23:53:06 GMT+0000 (UTC): GET /static/css/main.a5702b65.css
Sat Feb 02 2019 23:53:06 GMT+0000 (UTC): GET /static/js/main.46c69c40.js
Sat Feb 02 2019 23:53:10 GMT+0000 (UTC): GET /favicon.ico
Sat Feb 02 2019 23:54:59 GMT+0000 (UTC): GET /
Sat Feb 02 2019 23:54:59 GMT+0000 (UTC): GET /static/css/main.a5702b65.css
Sat Feb 02 2019 23:54:59 GMT+0000 (UTC): GET /static/js/main.46c69c40.js
Sat Feb 02 2019 23:55:01 GMT+0000 (UTC): GET /favicon.ico
Sat Feb 02 2019 23:55:04 GMT+0000 (UTC): GET /
Sat Feb 02 2019 23:55:04 GMT+0000 (UTC): GET /static/css/main.a5702b65.css
Sat Feb 02 2019 23:55:04 GMT+0000 (UTC): GET /static/js/main.46c69c40.js
Sat Feb 02 2019 23:55:04 GMT+0000 (UTC): GET /static/media/clock.99ecb079.svg
Sat Feb 02 2019 23:55:04 GMT+0000 (UTC): GET /static/media/logo-oasis.276ec1d3.png
Sat Feb 02 2019 23:55:04 GMT+0000 (UTC): GET /static/media/icon-loading.9cabb5c5.svg
Sat Feb 02 2019 23:55:04 GMT+0000 (UTC): GET /favicon.ico
Sat Feb 02 2019 23:55:05 GMT+0000 (UTC): GET /static/media/ethereum-logo.5332820c.svg
Sat Feb 02 2019 23:55:05 GMT+0000 (UTC): GET /static/media/metamask-logo.526a99a0.svg
Sat Feb 02 2019 23:55:05 GMT+0000 (UTC): GET /static/media/mist-logo.ab638bd3.svg
Sat Feb 02 2019 23:55:05 GMT+0000 (UTC): GET /static/media/coinbase-icon-512px.ef2c0d4b.png
Sat Feb 02 2019 23:55:20 GMT+0000 (UTC): GET /
Sat Feb 02 2019 23:55:21 GMT+0000 (UTC): GET /static/css/main.a5702b65.css
Sat Feb 02 2019 23:55:21 GMT+0000 (UTC): GET /static/js/main.46c69c40.js
Sat Feb 02 2019 23:55:27 GMT+0000 (UTC): GET /static/css/main.a5702b65.css
Sat Feb 02 2019 23:55:27 GMT+0000 (UTC): GET /static/js/main.46c69c40.js
Sat Feb 02 2019 23:55:28 GMT+0000 (UTC): GET /
Sat Feb 02 2019 23:55:28 GMT+0000 (UTC): GET /static/css/main.a5702b65.css
Sat Feb 02 2019 23:55:28 GMT+0000 (UTC): GET /static/js/main.46c69c40.js
Sat Feb 02 2019 23:55:28 GMT+0000 (UTC): GET /static/media/icon-loading.9cabb5c5.svg
Sat Feb 02 2019 23:55:28 GMT+0000 (UTC): GET /static/media/logo-oasis.276ec1d3.png
Sat Feb 02 2019 23:55:28 GMT+0000 (UTC): GET /static/media/clock.99ecb079.svg
Sat Feb 02 2019 23:55:29 GMT+0000 (UTC): GET /static/media/metamask-logo.526a99a0.svg
Sat Feb 02 2019 23:55:29 GMT+0000 (UTC): GET /static/media/ethereum-logo.5332820c.svg
Sat Feb 02 2019 23:55:29 GMT+0000 (UTC): GET /static/media/mist-logo.ab638bd3.svg
Sat Feb 02 2019 23:55:30 GMT+0000 (UTC): GET /static/media/coinbase-icon-512px.ef2c0d4b.png
